# JRE version: Java(TM) SE Runtime Environment (8.0_101-b13) (build 1.8.0_101-b13)
# Java VM: Java HotSpot(TM) 64-Bit Server VM (25.101-b13 mixed mode windows-amd64 compressed oops)
Heap:
 PSYoungGen      total 795648K, used 289750K [0x000000076b800000, 0x00000007a4100000, 0x00000007c0000000)
  eden space 733696K, 31% used [0x000000076b800000,0x000000077967a208,0x0000000798480000)
  from space 61952K, 99% used [0x00000007a0480000,0x00000007a40fb6a8,0x00000007a4100000)
  to   space 74240K, 0% used [0x000000079b000000,0x000000079b000000,0x000000079f880000)
 ParOldGen       total 139264K, used 45787K [0x00000006c2800000, 0x00000006cb000000, 0x000000076b800000)
  object space 139264K, 32% used [0x00000006c2800000,0x00000006c54b6df0,0x00000006cb000000)
 Metaspace       used 32565K, capacity 33628K, committed 34688K, reserved 1079296K
  class space    used 4288K, capacity 4667K, committed 4992K, reserved 1048576K
GC Heap History (10 events):
Event: 2.868 GC heap before
{Heap before GC invocations=7 (full 0):
 PSYoungGen      total 278528K, used 278505K [0x000000076b800000, 0x000000077f200000, 0x00000007c0000000)
  eden space 253952K, 100% used [0x000000076b800000,0x000000077b000000,0x000000077b000000)
  from space 24576K, 99% used [0x000000077ce00000,0x000000077e5fa758,0x000000077e600000)
  to   space 30720K, 0% used [0x000000077b000000,0x000000077b000000,0x000000077ce00000)
 ParOldGen       total 173568K, used 16472K [0x00000006c2800000, 0x00000006cd180000, 0x000000076b800000)
  object space 173568K, 9% used [0x00000006c2800000,0x00000006c3816168,0x00000006cd180000)
 Metaspace       used 14886K, capacity 15400K, committed 15744K, reserved 1062912K
  class space    used 1833K, capacity 2092K, committed 2176K, reserved 1048576K
Event: 2.898 GC heap after
Heap after GC invocations=7 (full 0):
 PSYoungGen      total 284672K, used 30704K [0x000000076b800000, 0x0000000790d00000, 0x00000007c0000000)
  eden space 253952K, 0% used [0x000000076b800000,0x000000076b800000,0x000000077b000000)
  from space 30720K, 99% used [0x000000077b000000,0x000000077cdfc3e0,0x000000077ce00000)
  to   space 51712K, 0% used [0x000000078da80000,0x000000078da80000,0x0000000790d00000)
 ParOldGen       total 173568K, used 46636K [0x00000006c2800000, 0x00000006cd180000, 0x000000076b800000)
  object space 173568K, 26% used [0x00000006c2800000,0x00000006c558b010,0x00000006cd180000)
 Metaspace       used 14886K, capacity 15400K, committed 15744K, reserved 1062912K
  class space    used 1833K, capacity 2092K, committed 2176K, reserved 1048576K
}
Event: 3.415 GC heap before
{Heap before GC invocations=8 (full 0):
 PSYoungGen      total 284672K, used 284656K [0x000000076b800000, 0x0000000790d00000, 0x00000007c0000000)
  eden space 253952K, 100% used [0x000000076b800000,0x000000077b000000,0x000000077b000000)
  from space 30720K, 99% used [0x000000077b000000,0x000000077cdfc3e0,0x000000077ce00000)
  to   space 51712K, 0% used [0x000000078da80000,0x000000078da80000,0x0000000790d00000)
 ParOldGen       total 173568K, used 46636K [0x00000006c2800000, 0x00000006cd180000, 0x000000076b800000)
  object space 173568K, 26% used [0x00000006c2800000,0x00000006c558b010,0x00000006cd180000)
 Metaspace       used 14937K, capacity 15406K, committed 15744K, reserved 1062912K
  class space    used 1838K, capacity 2093K, committed 2176K, reserved 1048576K
Event: 3.437 GC heap after
Heap after GC invocations=8 (full 0):
 PSYoungGen      total 553472K, used 42887K [0x000000076b800000, 0x0000000791900000, 0x00000007c0000000)
  eden space 501760K, 0% used [0x000000076b800000,0x000000076b800000,0x000000078a200000)
  from space 51712K, 82% used [0x000000078da80000,0x0000000790461e40,0x0000000790d00000)
  to   space 57856K, 0% used [0x000000078a200000,0x000000078a200000,0x000000078da80000)
 ParOldGen       total 173568K, used 47992K [0x00000006c2800000, 0x00000006cd180000, 0x000000076b800000)
  object space 173568K, 27% used [0x00000006c2800000,0x00000006c56de020,0x00000006cd180000)
 Metaspace       used 14937K, capacity 15406K, committed 15744K, reserved 1062912K
  class space    used 1838K, capacity 2093K, committed 2176K, reserved 1048576K
}
Event: 4.275 GC heap before
{Heap before GC invocations=9 (full 0):
 PSYoungGen      total 553472K, used 364038K [0x000000076b800000, 0x0000000791900000, 0x00000007c0000000)
  eden space 501760K, 64% used [0x000000076b800000,0x000000077f19fb10,0x000000078a200000)
  from space 51712K, 82% used [0x000000078da80000,0x0000000790461e40,0x0000000790d00000)
  to   space 57856K, 0% used [0x000000078a200000,0x000000078a200000,0x000000078da80000)
 ParOldGen       total 173568K, used 47992K [0x00000006c2800000, 0x00000006cd180000, 0x000000076b800000)
  object space 173568K, 27% used [0x00000006c2800000,0x00000006c56de020,0x00000006cd180000)
 Metaspace       used 19757K, capacity 21234K, committed 21296K, reserved 1067008K
  class space    used 2626K, capacity 3138K, committed 3200K, reserved 1048576K
Event: 4.301 GC heap after
Heap after GC invocations=9 (full 0):
 PSYoungGen      total 559616K, used 42531K [0x000000076b800000, 0x00000007a4100000, 0x00000007c0000000)
  eden space 501760K, 0% used [0x000000076b800000,0x000000076b800000,0x000000078a200000)
  from space 57856K, 73% used [0x000000078a200000,0x000000078cb88c80,0x000000078da80000)
  to   space 61952K, 0% used [0x00000007a0480000,0x00000007a0480000,0x00000007a4100000)
 ParOldGen       total 173568K, used 49888K [0x00000006c2800000, 0x00000006cd180000, 0x000000076b800000)
  object space 173568K, 28% used [0x00000006c2800000,0x00000006c58b8020,0x00000006cd180000)
 Metaspace       used 19757K, capacity 21234K, committed 21296K, reserved 1067008K
  class space    used 2626K, capacity 3138K, committed 3200K, reserved 1048576K
}
Event: 4.301 GC heap before
{Heap before GC invocations=10 (full 1):
 PSYoungGen      total 559616K, used 42531K [0x000000076b800000, 0x00000007a4100000, 0x00000007c0000000)
  eden space 501760K, 0% used [0x000000076b800000,0x000000076b800000,0x000000078a200000)
  from space 57856K, 73% used [0x000000078a200000,0x000000078cb88c80,0x000000078da80000)
  to   space 61952K, 0% used [0x00000007a0480000,0x00000007a0480000,0x00000007a4100000)
 ParOldGen       total 173568K, used 49888K [0x00000006c2800000, 0x00000006cd180000, 0x000000076b800000)
  object space 173568K, 28% used [0x00000006c2800000,0x00000006c58b8020,0x00000006cd180000)
 Metaspace       used 19757K, capacity 21234K, committed 21296K, reserved 1067008K
  class space    used 2626K, capacity 3138K, committed 3200K, reserved 1048576K
Event: 4.340 GC heap after
Heap after GC invocations=10 (full 1):
 PSYoungGen      total 559616K, used 0K [0x000000076b800000, 0x00000007a4100000, 0x00000007c0000000)
  eden space 501760K, 0% used [0x000000076b800000,0x000000076b800000,0x000000078a200000)
  from space 57856K, 0% used [0x000000078a200000,0x000000078a200000,0x000000078da80000)
  to   space 61952K, 0% used [0x00000007a0480000,0x00000007a0480000,0x00000007a4100000)
 ParOldGen       total 139264K, used 39763K [0x00000006c2800000, 0x00000006cb000000, 0x000000076b800000)
  object space 139264K, 28% used [0x00000006c2800000,0x00000006c4ed4d50,0x00000006cb000000)
 Metaspace       used 19135K, capacity 19972K, committed 21296K, reserved 1067008K
  class space    used 2395K, capacity 2723K, committed 3200K, reserved 1048576K
}
Event: 6.435 GC heap before
{Heap before GC invocations=11 (full 1):
 PSYoungGen      total 559616K, used 501760K [0x000000076b800000, 0x00000007a4100000, 0x00000007c0000000)
  eden space 501760K, 100% used [0x000000076b800000,0x000000078a200000,0x000000078a200000)
  from space 57856K, 0% used [0x000000078a200000,0x000000078a200000,0x000000078da80000)
  to   space 61952K, 0% used [0x00000007a0480000,0x00000007a0480000,0x00000007a4100000)
 ParOldGen       total 139264K, used 39763K [0x00000006c2800000, 0x00000006cb000000, 0x000000076b800000)
  object space 139264K, 28% used [0x00000006c2800000,0x00000006c4ed4d50,0x00000006cb000000)
 Metaspace       used 32301K, capacity 33336K, committed 34432K, reserved 1079296K
  class space    used 4248K, capacity 4637K, committed 4992K, reserved 1048576K
Event: 6.478 GC heap after
Heap after GC invocations=11 (full 1):
 PSYoungGen      total 795648K, used 61933K [0x000000076b800000, 0x00000007a4100000, 0x00000007c0000000)
  eden space 733696K, 0% used [0x000000076b800000,0x000000076b800000,0x0000000798480000)
  from space 61952K, 99% used [0x00000007a0480000,0x00000007a40fb6a8,0x00000007a4100000)
  to   space 74240K, 0% used [0x000000079b000000,0x000000079b000000,0x000000079f880000)
 ParOldGen       total 139264K, used 45787K [0x00000006c2800000, 0x00000006cb000000, 0x000000076b800000)
  object space 139264K, 32% used [0x00000006c2800000,0x00000006c54b6df0,0x00000006cb000000)
 Metaspace       used 32301K, capacity 33336K, committed 34432K, reserved 1079296K
  class space    used 4248K, capacity 4637K, committed 4992K, reserved 1048576K
}

